<?xml version="1.0" encoding="UTF-8"?>
<!-- Generated by org.testng.reporters.JUnitReportReporter -->
<testsuite skipped="0" hostname="DESKTOP-I88LLNL" name="com.training.sanity.tests.OrderHistoryTest" tests="1" failures="0" timestamp="28 Jun 2019 11:28:17 GMT" time="19.593" errors="0">
  <testcase name="validOrderHistoryTest" time="19.593" classname="com.training.sanity.tests.OrderHistoryTest"/>
</testsuite> <!-- com.training.sanity.tests.OrderHistoryTest -->
