<?xml version="1.0" encoding="UTF-8"?>
<!-- Generated by org.testng.reporters.JUnitReportReporter -->
<testsuite skipped="0" hostname="DESKTOP-I88LLNL" name="com.training.sanity.tests.ShopUniformTest" tests="1" failures="0" timestamp="03 Jul 2019 11:04:02 GMT" time="33.320" errors="0">
  <testcase name="ShopUniform" time="33.320" classname="com.training.sanity.tests.ShopUniformTest"/>
</testsuite> <!-- com.training.sanity.tests.ShopUniformTest -->
