<?xml version="1.0" encoding="UTF-8"?>
<!-- Generated by org.testng.reporters.JUnitReportReporter -->
<testsuite skipped="0" hostname="DESKTOP-I88LLNL" name="com.training.sanity.tests.ComplexAddProductTest" tests="1" failures="0" timestamp="17 Jul 2019 10:40:34 GMT" time="20.052" errors="0">
  <testcase name="complexAddProduct" time="20.052" classname="com.training.sanity.tests.ComplexAddProductTest"/>
</testsuite> <!-- com.training.sanity.tests.ComplexAddProductTest -->
