<?xml version="1.0" encoding="UTF-8"?>
<!-- Generated by org.testng.reporters.JUnitReportReporter -->
<testsuite skipped="0" hostname="DESKTOP-I88LLNL" name="com.training.regression.tests.AdminAddProductExcelTest" tests="4" failures="0" timestamp="11 Jul 2019 07:13:50 GMT" time="62.229" errors="0">
  <testcase name="AdminAddcategory" time="15.619" classname="com.training.regression.tests.AdminAddProductExcelTest"/>
  <testcase name="AdminAddcategory" time="15.388" classname="com.training.regression.tests.AdminAddProductExcelTest"/>
  <testcase name="AdminAddcategory" time="14.767" classname="com.training.regression.tests.AdminAddProductExcelTest"/>
  <testcase name="AdminAddcategory" time="16.455" classname="com.training.regression.tests.AdminAddProductExcelTest"/>
</testsuite> <!-- com.training.regression.tests.AdminAddProductExcelTest -->
