<?xml version="1.0" encoding="UTF-8"?>
<!-- Generated by org.testng.reporters.JUnitReportReporter -->
<testsuite skipped="0" hostname="DESKTOP-I88LLNL" name="com.training.regression.tests.RegisterExcelTest" tests="4" failures="0" timestamp="11 Jul 2019 05:55:34 GMT" time="87.788" errors="0">
  <testcase name="validRegisterExcelTest" time="22.041" classname="com.training.regression.tests.RegisterExcelTest"/>
  <testcase name="validRegisterExcelTest" time="22.786" classname="com.training.regression.tests.RegisterExcelTest"/>
  <testcase name="validRegisterExcelTest" time="21.783" classname="com.training.regression.tests.RegisterExcelTest"/>
  <testcase name="validRegisterExcelTest" time="21.178" classname="com.training.regression.tests.RegisterExcelTest"/>
</testsuite> <!-- com.training.regression.tests.RegisterExcelTest -->
