<?xml version="1.0" encoding="UTF-8"?>
<!-- Generated by org.testng.reporters.JUnitReportReporter -->
<testsuite skipped="0" hostname="DESKTOP-I88LLNL" name="com.training.sanity.tests.LoginCheckoutTest" tests="1" failures="0" timestamp="03 Jul 2019 10:57:17 GMT" time="53.100" errors="0">
  <testcase name="LoginCheckout" time="53.100" classname="com.training.sanity.tests.LoginCheckoutTest"/>
</testsuite> <!-- com.training.sanity.tests.LoginCheckoutTest -->
