<?xml version="1.0" encoding="UTF-8"?>
<!-- Generated by org.testng.reporters.JUnitReportReporter -->
<testsuite skipped="0" hostname="DESKTOP-I88LLNL" name="com.training.sanity.tests.EditAccountTest" tests="1" failures="0" timestamp="28 Jun 2019 11:10:01 GMT" time="25.164" errors="0">
  <testcase name="validEditAccountTest" time="25.164" classname="com.training.sanity.tests.EditAccountTest"/>
</testsuite> <!-- com.training.sanity.tests.EditAccountTest -->
