<?xml version="1.0" encoding="UTF-8"?>
<!-- Generated by org.testng.reporters.JUnitReportReporter -->
<testsuite skipped="0" hostname="DESKTOP-I88LLNL" name="com.training.sanity.tests.RegisterTest" tests="1" failures="0" timestamp="28 Jun 2019 10:52:24 GMT" time="27.287" errors="0">
  <testcase name="validRegisterTest" time="27.287" classname="com.training.sanity.tests.RegisterTest"/>
</testsuite> <!-- com.training.sanity.tests.RegisterTest -->
