<?xml version="1.0" encoding="UTF-8"?>
<!-- Generated by org.testng.reporters.JUnitReportReporter -->
<testsuite skipped="0" hostname="DESKTOP-I88LLNL" name="com.training.sanity.tests.LoginTests" tests="1" failures="0" timestamp="01 Jul 2019 06:39:47 GMT" time="17.769" errors="0">
  <testcase name="validLoginTest" time="17.769" classname="com.training.sanity.tests.LoginTests"/>
</testsuite> <!-- com.training.sanity.tests.LoginTests -->
