<?xml version="1.0" encoding="UTF-8"?>
<!-- Generated by org.testng.reporters.JUnitReportReporter -->
<testsuite skipped="0" hostname="DESKTOP-I88LLNL" name="com.training.sanity.tests.GuestCheckoutTest" tests="1" failures="0" timestamp="05 Jul 2019 09:41:58 GMT" time="43.640" errors="0">
  <testcase name="GuestCheckout" time="43.640" classname="com.training.sanity.tests.GuestCheckoutTest"/>
</testsuite> <!-- com.training.sanity.tests.GuestCheckoutTest -->
