<?xml version="1.0" encoding="UTF-8"?>
<!-- Generated by org.testng.reporters.JUnitReportReporter -->
<testsuite skipped="0" hostname="DESKTOP-I88LLNL" name="com.training.sanity.tests.ForgottenPasswordTest" tests="1" failures="0" timestamp="28 Jun 2019 11:05:21 GMT" time="23.408" errors="0">
  <testcase name="validPasswordRecoverTest" time="23.408" classname="com.training.sanity.tests.ForgottenPasswordTest"/>
</testsuite> <!-- com.training.sanity.tests.ForgottenPasswordTest -->
