<?xml version="1.0" encoding="UTF-8"?>
<!-- Generated by org.testng.reporters.JUnitReportReporter -->
<testsuite skipped="0" hostname="DESKTOP-I88LLNL" name="com.training.sanity.tests.InvalidLoginTest" tests="1" failures="0" timestamp="01 Jul 2019 06:43:18 GMT" time="17.460" errors="0">
  <testcase name="InvalidLogin" time="17.460" classname="com.training.sanity.tests.InvalidLoginTest"/>
</testsuite> <!-- com.training.sanity.tests.InvalidLoginTest -->
